<?xml version="1.0" encoding="UTF-8"?>
<testsuite xmlns:xsi="http://www.w3.org/2001/XMLSchema-instance" xsi:noNamespaceSchemaLocation="https://maven.apache.org/surefire/maven-surefire-plugin/xsd/surefire-test-report-3.0.xsd" version="3.0" name="com.example.dailywisdom.DailyWisdomApplicationTests" time="6.828" tests="1" errors="0" skipped="0" failures="0">
  <properties>
[...]
</properties>
  <testcase name="contextLoads" classname="com.example.dailywisdom.DailyWisdomApplicationTests" time="1.289">
    <system-out><![CDATA[Standard Commons Logging discovery in action with spring-jcl: please remove commons-logging.jar from classpath in order to avoid potential conflicts
23:12:56.008 [main] INFO org.springframework.test.context.support.AnnotationConfigContextLoaderUtils -- Could not detect default configuration classes for test class [com.example.dailywisdom.DailyWisdomApplicationTests]: DailyWisdomApplicationTests does not declare any static, non-private, non-final, nested classes annotated with @Configuration.
23:12:56.220 [main] INFO org.springframework.boot.test.context.SpringBootTestContextBootstrapper -- Found @SpringBootConfiguration com.example.dailywisdom.DailyWisdomApplication for test class com.example.dailywisdom.DailyWisdomApplicationTests

  .   ____          _            __ _ _
 /\\ / ___'_ __ _ _(_)_ __  __ _ \ \ \ \
( ( )\___ | '_ | '_| | '_ \/ _` | \ \ \ \
 \\/  ___)| |_)| | | | | || (_| |  ) ) ) )
  '  |____| .__|_| |_|_| |_\__, | / / / /
 =========|_|==============|___/=/_/_/_/
 :: Spring Boot ::                (v3.2.5)

2024-05-18T23:12:58.520+01:00  INFO 13680 --- [           main] c.e.d.DailyWisdomApplicationTests        : Starting DailyWisdomApplicationTests using Java 17.0.11 with PID 13680 (started by PC in C:\Users\PC\IdeaProjects\DailyWisdomBackend)
2024-05-18T23:12:58.520+01:00  INFO 13680 --- [           main] c.e.d.DailyWisdomApplicationTests        : No active profile set, falling back to 1 default profile: "default"
2024-05-18T23:13:01.207+01:00  INFO 13680 --- [           main] c.e.d.DailyWisdomApplicationTests        : Started DailyWisdomApplicationTests in 4.148 seconds (process running for 6.661)
]]></system-out>
  </testcase>
</testsuite>